Arguments: 
  C:\Program Files\nodejs\node.exe C:\Users\Baptu\Desktop\My_Portfolio\.yarn\releases\yarn-1.22.19.cjs start

PATH: 
  C:\Program Files\Common Files\Oracle\Java\javapath;C:\windows\system32;C:\windows;C:\windows\System32\Wbem;C:\windows\System32\WindowsPowerShell\v1.0\;C:\windows\System32\OpenSSH\;C:\Program Files (x86)\NVIDIA Corporation\PhysX\Common;C:\Program Files\NVIDIA Corporation\NVIDIA NvDLISR;C:\Program Files\Java\jdk1.8.0_121\bin;C:\Program Files\CodeBlocks\MinGW\bin;C:\WINDOWS\system32;C:\WINDOWS;C:\WINDOWS\System32\Wbem;C:\WINDOWS\System32\WindowsPowerShell\v1.0\;C:\WINDOWS\System32\OpenSSH\;C:\MinGW\bin;C:\MinGW;C:\MinGW\bin;C:\Program Files\Java\jdk1.8.0_121\bin;C:\Program Files\MongoDB\Server\6.0\bin;C:\Users\Baptu\Desktop\mongosh-1.9.1-win32-x64\bin;C:\Program Files\nodejs\;C:\Program Files\Git\cmd;C:\ProgramData\chocolatey\bin;C:\Users\Baptu\AppData\Local\Microsoft\WindowsApps;D:\Microsoft VS Code\bin;C:\Users\Baptu\AppData\Roaming\npm;C:\Program Files\nodejs\;

Yarn version: 
  1.22.19

Node version: 
  18.17.0

Platform: 
  win32 x64

Trace: 
  SyntaxError: C:\Users\Baptu\Desktop\My_Portfolio\package.json: Unexpected token { in JSON at position 963
      at JSON.parse (<anonymous>)
      at C:\Users\Baptu\Desktop\My_Portfolio\.yarn\releases\yarn-1.22.19.cjs:1104:57
      at Generator.next (<anonymous>)
      at step (C:\Users\Baptu\Desktop\My_Portfolio\.yarn\releases\yarn-1.22.19.cjs:310:30)
      at C:\Users\Baptu\Desktop\My_Portfolio\.yarn\releases\yarn-1.22.19.cjs:321:13

npm manifest: 
  {
    "name": "starter",
    "version": "0.1.0",
    "private": true,
    "dependencies": {
      "@testing-library/jest-dom": "^5.14.1",
      "@testing-library/react": "^12.0.0",
      "@testing-library/user-event": "^13.2.1",
      "global": "^4.4.0",
      "react": "^17.0.2",
      "react-dom": "^17.0.2",
      "react-scripts": "5.0.0",
      "web-vitals": "^2.1.0",
      "yarn": "^1.22.19"
    },
    "scripts": {
      "start": "react-scripts start",
      "build": "react-scripts build",
      "test": "react-scripts test",
      "eject": "react-scripts eject"
    },
    "eslintConfig": {
      "extends": [
        "react-app",
        "react-app/jest"
      ]
    },
    "browserslist": {
      "production": [
        ">0.2%",
        "not dead",
        "not op_mini all"
      ],
      "development": [
        "last 1 chrome version",
        "last 1 firefox version",
        "last 1 safari version"
      ]
    },
    "main": "index.js",
    "repository": "https://github.com/ZainRk/portfolio-starter",
    "license": "MIT"
  }
  {
    "name": "your-package-name",
    "version": "1.0.0",
    "description": "Your package description",
    "license": "MIT",  // You can replace "MIT" with your actual license type
    // ... other package.json fields ...
  }

yarn manifest: 
  No manifest

Lockfile: 
  No lockfile
